#
# A fatal error has been detected by the Java Runtime Environment:
#
#  SIGSEGV (0xb) at pc=0xb6f71806, pid=12450, tid=1858075456
#
# JRE version: Java(TM) SE Runtime Environment (7.0_80-b15) (build 1.7.0_80-b15)
# Java VM: Java HotSpot(TM) Server VM (24.80-b11 mixed mode linux-x86 )
# Problematic frame:
# V  [libjvm.so+0x6e6806]  oopDesc* PSPromotionManager::copy_to_survivor_space<false>(oopDesc*)+0x26
#
# Failed to write core dump. Core dumps have been disabled. To enable core dumping, try "ulimit -c unlimited" before starting Java again
#
# If you would like to submit a bug report, please visit:
#   http://bugreport.java.com/bugreport/crash.jsp
#

---------------  T H R E A D  ---------------

Current thread (0xb6615800):  GCTaskThread [stack: 0x6eb7f000,0x6ec00000] [id=12455]

siginfo:si_signo=SIGSEGV: si_errno=0, si_code=1 (SEGV_MAPERR), si_addr=0x0000000c

Registers:
EAX=0x00000000, EBX=0xae80d660, ECX=0x51800017, EDX=0x00000008
ESP=0x6ebff140, EBP=0x6ebff168, ESI=0x9dfc0000, EDI=0xb66f5488
EIP=0xb6f71806, EFLAGS=0x00010293, CR2=0x0000000c

Top of Stack: (sp=0x6ebff140)
0x6ebff140:   00000000 016f54d8 00000006 73f7a310
0x6ebff150:   00000400 aed40002 ae80d688 ae80d660
0x6ebff160:   9dfc0000 b66f5488 6ebff1c8 b6f713e9
0x6ebff170:   b66f5488 ae1868c0 9dfc0000 9dfc0000
0x6ebff180:   b66f51c0 01000003 6ebff1c8 b66f54d8
0x6ebff190:   6ebff1f8 b6615300 b6615328 0000b729
0x6ebff1a0:   ae816010 b66f54d8 ae7e8298 0f0205c8
0x6ebff1b0:   0f9806ac 0f9906ac ae80d660 aed40000 

Instructions: (pc=0xb6f71806)
0xb6f717e6:   83 ec 1c 8b 45 0c 8b 00 89 45 d8 83 e0 03 83 f8
0xb6f717f6:   03 0f 84 a3 00 00 00 8b 55 0c 8b 42 04 8d 50 08
0xb6f71806:   8b 5a 04 83 fb 00 0f 8e 1e 01 00 00 f6 c3 01 0f
0xb6f71816:   85 1b 01 00 00 c1 fb 02 89 5d e0 f6 45 d8 01 0f 

Register to memory mapping:

EAX=0x00000000 is an unknown value
EBX=0xae80d660 is an unknown value
ECX=0x51800017 is an unknown value
EDX=0x00000008 is an unknown value
ESP=0x6ebff140 is an unknown value
EBP=0x6ebff168 is an unknown value
ESI=0x9dfc0000 is an oop
[C 
 - klass: {type array char}
 - length: 524798
EDI=0xb66f5488 is an unknown value


Stack: [0x6eb7f000,0x6ec00000],  sp=0x6ebff140,  free space=512k
Native frames: (J=compiled Java code, j=interpreted, Vv=VM code, C=native code)
V  [libjvm.so+0x6e6806]  oopDesc* PSPromotionManager::copy_to_survivor_space<false>(oopDesc*)+0x26
V  [libjvm.so+0x6e63e9]  PSPromotionManager::drain_stacks_depth(bool)+0x689
V  [libjvm.so+0x6e9a3f]  StealTask::do_it(GCTaskManager*, unsigned int)+0x27f
V  [libjvm.so+0x3fb936]  GCTaskThread::run()+0x106
V  [libjvm.so+0x68a249]  java_start(Thread*)+0x119
C  [libpthread.so.0+0x6f70]  start_thread+0xd0


---------------  P R O C E S S  ---------------

Java Threads: ( => current thread )
  0x6c0a3000 JavaThread "Service Thread" daemon [_thread_blocked, id=12462, stack(0x6ba2e000,0x6ba7f000)]
  0x6c0a1000 JavaThread "C2 CompilerThread1" daemon [_thread_blocked, id=12461, stack(0x6ba7f000,0x6bb00000)]
  0x6c09f000 JavaThread "C2 CompilerThread0" daemon [_thread_blocked, id=12460, stack(0x6be2e000,0x6beaf000)]
  0x6c09d800 JavaThread "Signal Dispatcher" daemon [_thread_blocked, id=12459, stack(0x6beaf000,0x6bf00000)]
  0x6c084800 JavaThread "Finalizer" daemon [_thread_blocked, id=12458, stack(0x6c12e000,0x6c17f000)]
  0x6c083000 JavaThread "Reference Handler" daemon [_thread_blocked, id=12457, stack(0x6eb2e000,0x6eb7f000)]
  0xb6607400 JavaThread "main" [_thread_blocked, id=12451, stack(0xb67f4000,0xb6845000)]

Other Threads:
  0x6c080400 VMThread [stack: 0x6c17f000,0x6c200000] [id=12456]
  0x6c0a5000 WatcherThread [stack: 0x6b9ad000,0x6ba2e000] [id=12463]

=>0xb6615800 (exited) GCTaskThread [stack: 0x6eb7f000,0x6ec00000] [id=12455]

VM state:at safepoint (normal execution)

VM Mutex/Monitor currently owned by a thread:  ([mutex/lock_event])
[0xb6604d78] Threads_lock - owner thread: 0x6c080400
[0xb6605188] Heap_lock - owner thread: 0xb6607400

Heap
 PSYoungGen      total 275712K, used 274841K [0x9dfc0000, 0xaf440000, 0xb3540000)
  eden space 269056K, 100% used [0x9dfc0000,0xae680000,0xae680000)
  from space 6656K, 86% used [0xaed40000,0xaf2e6548,0xaf3c0000)
  to   space 6912K, 99% used [0xae680000,0xaed3d480,0xaed40000)
 ParOldGen       total 43520K, used 13366K [0x73540000, 0x75fc0000, 0x9dfc0000)
  object space 43520K, 30% used [0x73540000,0x7424d878,0x75fc0000)
 PSPermGen       total 16384K, used 3034K [0x6f540000, 0x70540000, 0x73540000)
  object space 16384K, 18% used [0x6f540000,0x6f836928,0x70540000)

Card table byte_map: [0x6f31f000,0x6f540000] byte_map_base: 0x6efa4600

Polling page: 0xb778b000

Code Cache  [0xb3600000, 0xb3840000, 0xb6600000)
 total_blobs=241 nmethods=120 adapters=74 free_code_cache=48627Kb largest_free_block=49776256

Compilation events (10 events):
Event: 2.024 Thread 0x6c0a1000 nmethod 116 0xb3681048 code [0xb3681180, 0xb3681690]
Event: 2.025 Thread 0x6c0a1000  117             java.lang.AbstractStringBuilder::append (40 bytes)
Event: 2.031 Thread 0x6c09f000 nmethod 115 0xb3684588 code [0xb3684720, 0xb368505c]
Event: 2.031 Thread 0x6c09f000  118             cc.mallet.pipe.Input2CharSequence::pipe (63 bytes)
Event: 2.040 Thread 0x6c0a1000 nmethod 117 0xb3683e48 code [0xb3683f60, 0xb3684330]
Event: 2.058 Thread 0x6c09f000 nmethod 118 0xb36801c8 code [0xb3680340, 0xb3680ac4]
Event: 2.101 Thread 0x6c0a1000  119             java.nio.charset.CoderResult::isUnderflow (13 bytes)
Event: 2.101 Thread 0x6c0a1000 nmethod 119 0xb367f848 code [0xb367f920, 0xb367f970]
Event: 2.533 Thread 0x6c0a1000  120             java.nio.Buffer::remaining (10 bytes)
Event: 2.534 Thread 0x6c0a1000 nmethod 120 0xb3680008 code [0xb36800e0, 0xb3680130]

GC Heap History (10 events):
Event: 0.784 GC heap after
Heap after GC invocations=4 (full 0):
 PSYoungGen      total 70144K, used 2554K [0x9dfc0000, 0xa26c0000, 0xb3540000)
  eden space 67584K, 0% used [0x9dfc0000,0x9dfc0000,0xa21c0000)
  from space 2560K, 99% used [0xa2440000,0xa26beb90,0xa26c0000)
  to   space 2560K, 0% used [0xa21c0000,0xa21c0000,0xa2440000)
 ParOldGen       total 43520K, used 5494K [0x73540000, 0x75fc0000, 0x9dfc0000)
  object space 43520K, 12% used [0x73540000,0x73a9da88,0x75fc0000)
 PSPermGen       total 16384K, used 3023K [0x6f540000, 0x70540000, 0x73540000)
  object space 16384K, 18% used [0x6f540000,0x6f833eb0,0x70540000)
}
Event: 0.979 GC heap before
{Heap before GC invocations=5 (full 0):
 PSYoungGen      total 70144K, used 70096K [0x9dfc0000, 0xa26c0000, 0xb3540000)
  eden space 67584K, 99% used [0x9dfc0000,0xa21b55a8,0xa21c0000)
  from space 2560K, 99% used [0xa2440000,0xa26beb90,0xa26c0000)
  to   space 2560K, 0% used [0xa21c0000,0xa21c0000,0xa2440000)
 ParOldGen       total 43520K, used 5494K [0x73540000, 0x75fc0000, 0x9dfc0000)
  object space 43520K, 12% used [0x73540000,0x73a9da88,0x75fc0000)
 PSPermGen       total 16384K, used 3026K [0x6f540000, 0x70540000, 0x73540000)
  object space 16384K, 18% used [0x6f540000,0x6f834968,0x70540000)
Event: 0.984 GC heap after
Heap after GC invocations=5 (full 0):
 PSYoungGen      total 70144K, used 2558K [0x9dfc0000, 0xa6f40000, 0xb3540000)
  eden space 67584K, 0% used [0x9dfc0000,0x9dfc0000,0xa21c0000)
  from space 2560K, 99% used [0xa21c0000,0xa243f868,0xa2440000)
  to   space 5888K, 0% used [0xa6980000,0xa6980000,0xa6f40000)
 ParOldGen       total 43520K, used 7304K [0x73540000, 0x75fc0000, 0x9dfc0000)
  object space 43520K, 16% used [0x73540000,0x73c621f0,0x75fc0000)
 PSPermGen       total 16384K, used 3026K [0x6f540000, 0x70540000, 0x73540000)
  object space 16384K, 18% used [0x6f540000,0x6f834968,0x70540000)
}
Event: 1.182 GC heap before
{Heap before GC invocations=6 (full 0):
 PSYoungGen      total 70144K, used 70142K [0x9dfc0000, 0xa6f40000, 0xb3540000)
  eden space 67584K, 100% used [0x9dfc0000,0xa21c0000,0xa21c0000)
  from space 2560K, 99% used [0xa21c0000,0xa243f868,0xa2440000)
  to   space 5888K, 0% used [0xa6980000,0xa6980000,0xa6f40000)
 ParOldGen       total 43520K, used 7304K [0x73540000, 0x75fc0000, 0x9dfc0000)
  object space 43520K, 16% used [0x73540000,0x73c621f0,0x75fc0000)
 PSPermGen       total 16384K, used 3026K [0x6f540000, 0x70540000, 0x73540000)
  object space 16384K, 18% used [0x6f540000,0x6f834a70,0x70540000)
Event: 1.190 GC heap after
Heap after GC invocations=6 (full 0):
 PSYoungGen      total 140544K, used 5244K [0x9dfc0000, 0xa7040000, 0xb3540000)
  eden space 134656K, 0% used [0x9dfc0000,0x9dfc0000,0xa6340000)
  from space 5888K, 89% used [0xa6980000,0xa6e9f360,0xa6f40000)
  to   space 6400K, 0% used [0xa6340000,0xa6340000,0xa6980000)
 ParOldGen       total 43520K, used 7304K [0x73540000, 0x75fc0000, 0x9dfc0000)
  object space 43520K, 16% used [0x73540000,0x73c621f0,0x75fc0000)
 PSPermGen       total 16384K, used 3026K [0x6f540000, 0x70540000, 0x73540000)
  object space 16384K, 18% used [0x6f540000,0x6f834a70,0x70540000)
}
Event: 1.572 GC heap before
{Heap before GC invocations=7 (full 0):
 PSYoungGen      total 140544K, used 139900K [0x9dfc0000, 0xa7040000, 0xb3540000)
  eden space 134656K, 100% used [0x9dfc0000,0xa6340000,0xa6340000)
  from space 5888K, 89% used [0xa6980000,0xa6e9f360,0xa6f40000)
  to   space 6400K, 0% used [0xa6340000,0xa6340000,0xa6980000)
 ParOldGen       total 43520K, used 7304K [0x73540000, 0x75fc0000, 0x9dfc0000)
  object space 43520K, 16% used [0x73540000,0x73c621f0,0x75fc0000)
 PSPermGen       total 16384K, used 3029K [0x6f540000, 0x70540000, 0x73540000)
  object space 16384K, 18% used [0x6f540000,0x6f835698,0x70540000)
Event: 1.578 GC heap after
Heap after GC invocations=7 (full 0):
 PSYoungGen      total 141056K, used 5187K [0x9dfc0000, 0xaf3c0000, 0xb3540000)
  eden space 134656K, 0% used [0x9dfc0000,0x9dfc0000,0xa6340000)
  from space 6400K, 81% used [0xa6340000,0xa6850e28,0xa6980000)
  to   space 6656K, 0% used [0xaed40000,0xaed40000,0xaf3c0000)
 ParOldGen       total 43520K, used 8319K [0x73540000, 0x75fc0000, 0x9dfc0000)
  object space 43520K, 19% used [0x73540000,0x73d5fd48,0x75fc0000)
 PSPermGen       total 16384K, used 3029K [0x6f540000, 0x70540000, 0x73540000)
  object space 16384K, 18% used [0x6f540000,0x6f835698,0x70540000)
}
Event: 1.963 GC heap before
{Heap before GC invocations=8 (full 0):
 PSYoungGen      total 141056K, used 139504K [0x9dfc0000, 0xaf3c0000, 0xb3540000)
  eden space 134656K, 99% used [0x9dfc0000,0xa62eb310,0xa6340000)
  from space 6400K, 81% used [0xa6340000,0xa6850e28,0xa6980000)
  to   space 6656K, 0% used [0xaed40000,0xaed40000,0xaf3c0000)
 ParOldGen       total 43520K, used 8319K [0x73540000, 0x75fc0000, 0x9dfc0000)
  object space 43520K, 19% used [0x73540000,0x73d5fd48,0x75fc0000)
 PSPermGen       total 16384K, used 3029K [0x6f540000, 0x70540000, 0x73540000)
  object space 16384K, 18% used [0x6f540000,0x6f835740,0x70540000)
Event: 1.972 GC heap after
Heap after GC invocations=8 (full 0):
 PSYoungGen      total 275712K, used 5785K [0x9dfc0000, 0xaf440000, 0xb3540000)
  eden space 269056K, 0% used [0x9dfc0000,0x9dfc0000,0xae680000)
  from space 6656K, 86% used [0xaed40000,0xaf2e6548,0xaf3c0000)
  to   space 6912K, 0% used [0xae680000,0xae680000,0xaed40000)
 ParOldGen       total 43520K, used 9003K [0x73540000, 0x75fc0000, 0x9dfc0000)
  object space 43520K, 20% used [0x73540000,0x73e0af50,0x75fc0000)
 PSPermGen       total 16384K, used 3029K [0x6f540000, 0x70540000, 0x73540000)
  object space 16384K, 18% used [0x6f540000,0x6f835740,0x70540000)
}
Event: 2.792 GC heap before
{Heap before GC invocations=9 (full 0):
 PSYoungGen      total 275712K, used 274841K [0x9dfc0000, 0xaf440000, 0xb3540000)
  eden space 269056K, 100% used [0x9dfc0000,0xae680000,0xae680000)
  from space 6656K, 86% used [0xaed40000,0xaf2e6548,0xaf3c0000)
  to   space 6912K, 0% used [0xae680000,0xae680000,0xaed40000)
 ParOldGen       total 43520K, used 9003K [0x73540000, 0x75fc0000, 0x9dfc0000)
  object space 43520K, 20% used [0x73540000,0x73e0af50,0x75fc0000)
 PSPermGen       total 16384K, used 3034K [0x6f540000, 0x70540000, 0x73540000)
  object space 16384K, 18% used [0x6f540000,0x6f836928,0x70540000)

Deoptimization events (10 events):
Event: 0.227 Thread 0xb6607400 Uncommon trap: reason=unstable_if action=reinterpret pc=0xb365a6ec method=java.util.regex.Pattern$BmpCharProperty.match(Ljava/util/regex/Matcher;ILjava/lang/CharSequence;)Z @ 5
Event: 0.227 Thread 0xb6607400 Uncommon trap: reason=unstable_if action=reinterpret pc=0xb3658e88 method=java.util.regex.Pattern$Start.match(Ljava/util/regex/Matcher;ILjava/lang/CharSequence;)Z @ 10
Event: 0.251 Thread 0xb6607400 Uncommon trap: reason=unstable_if action=reinterpret pc=0xb3657e08 method=java.util.ArrayList.ensureCapacityInternal(I)V @ 7
Event: 0.267 Thread 0xb6607400 Uncommon trap: reason=class_check action=maybe_recompile pc=0xb36632b4 method=java.util.HashMap.getEntry(Ljava/lang/Object;)Ljava/util/HashMap$Entry; @ 68
Event: 0.287 Thread 0xb6607400 Uncommon trap: reason=unstable_if action=reinterpret pc=0xb3652918 method=sun.nio.cs.UTF_8$Decoder.decodeArrayLoop(Ljava/nio/ByteBuffer;Ljava/nio/CharBuffer;)Ljava/nio/charset/CoderResult; @ 84
Event: 0.287 Thread 0xb6607400 Uncommon trap: reason=unstable_if action=reinterpret pc=0xb3653ec4 method=java.util.regex.Matcher.search(I)Z @ 30
Event: 0.392 Thread 0xb6607400 Uncommon trap: reason=unstable_if action=reinterpret pc=0xb365f540 method=cc.mallet.pipe.CharSequence2TokenSequence.pipe(Lcc/mallet/types/Instance;)Lcc/mallet/types/Instance; @ 32
Event: 0.394 Thread 0xb6607400 Uncommon trap: reason=unstable_if action=reinterpret pc=0xb3660448 method=cc.mallet.pipe.TokenSequenceLowercase.pipe(Lcc/mallet/types/Instance;)Lcc/mallet/types/Instance; @ 15
Event: 0.396 Thread 0xb6607400 Uncommon trap: reason=unstable_if action=reinterpret pc=0xb3665e18 method=cc.mallet.pipe.TokenSequenceRemoveStopwords.pipe(Lcc/mallet/types/Instance;)Lcc/mallet/types/Instance; @ 28
Event: 0.802 Thread 0xb6607400 Uncommon trap: reason=unstable_if action=reinterpret pc=0xb367e160 method=sun.nio.cs.UTF_8$Decoder.decodeArrayLoop(Ljava/nio/ByteBuffer;Ljava/nio/CharBuffer;)Ljava/nio/charset/CoderResult; @ 128

Internal exceptions (10 events):
Event: 0.137 Thread 0xb6607400 Threw 0x9e2dbda0 at /HUDSON/workspace/7u-2-build-linux-i586/jdk7u80/2329/hotspot/src/share/vm/prims/jvm.cpp:1319
Event: 0.144 Thread 0xb6607400 Threw 0x9e3a6e68 at /HUDSON/workspace/7u-2-build-linux-i586/jdk7u80/2329/hotspot/src/share/vm/prims/jvm.cpp:1319
Event: 0.145 Thread 0xb6607400 Threw 0x9e3a9a70 at /HUDSON/workspace/7u-2-build-linux-i586/jdk7u80/2329/hotspot/src/share/vm/prims/jvm.cpp:1319
Event: 0.147 Thread 0xb6607400 Threw 0x9e3af738 at /HUDSON/workspace/7u-2-build-linux-i586/jdk7u80/2329/hotspot/src/share/vm/prims/jvm.cpp:1319
Event: 0.147 Thread 0xb6607400 Threw 0x9e3b38c0 at /HUDSON/workspace/7u-2-build-linux-i586/jdk7u80/2329/hotspot/src/share/vm/prims/jvm.cpp:1319
Event: 0.162 Thread 0xb6607400 Threw 0x9e3cc5a8 at /HUDSON/workspace/7u-2-build-linux-i586/jdk7u80/2329/hotspot/src/share/vm/prims/jvm.cpp:1319
Event: 0.163 Thread 0xb6607400 Threw 0x9e3ce7f0 at /HUDSON/workspace/7u-2-build-linux-i586/jdk7u80/2329/hotspot/src/share/vm/prims/jvm.cpp:1319
Event: 0.163 Thread 0xb6607400 Threw 0x9e3d14a8 at /HUDSON/workspace/7u-2-build-linux-i586/jdk7u80/2329/hotspot/src/share/vm/prims/jvm.cpp:1319
Event: 0.163 Thread 0xb6607400 Threw 0x9e3d56b8 at /HUDSON/workspace/7u-2-build-linux-i586/jdk7u80/2329/hotspot/src/share/vm/prims/jvm.cpp:1319
Event: 0.266 Thread 0xb6607400 Threw 0x9e8b5a58 at /HUDSON/workspace/7u-2-build-linux-i586/jdk7u80/2329/hotspot/src/share/vm/prims/jvm.cpp:1319

Events (10 events):
Event: 0.802 Thread 0xb6607400 DEOPT UNPACKING pc=0xb362cbc8 sp=0xb6843a90 mode 2
Event: 0.979 Executing VM operation: ParallelGCFailedAllocation
Event: 0.984 Executing VM operation: ParallelGCFailedAllocation done
Event: 1.182 Executing VM operation: ParallelGCFailedAllocation
Event: 1.190 Executing VM operation: ParallelGCFailedAllocation done
Event: 1.572 Executing VM operation: ParallelGCFailedAllocation
Event: 1.578 Executing VM operation: ParallelGCFailedAllocation done
Event: 1.963 Executing VM operation: ParallelGCFailedAllocation
Event: 1.972 Executing VM operation: ParallelGCFailedAllocation done
Event: 2.792 Executing VM operation: ParallelGCFailedAllocation


Dynamic libraries:
08048000-08049000 r-xp 00000000 08:06 4327500    /usr/lib/jvm/java-7-oracle/jre/bin/java
08049000-0804a000 rw-p 00000000 08:06 4327500    /usr/lib/jvm/java-7-oracle/jre/bin/java
08c73000-08c94000 rw-p 00000000 00:00 0          [heap]
6b48d000-6b600000 rw-p 00000000 00:00 0 
6b600000-6b6c7000 rw-p 00000000 00:00 0 
6b6c7000-6b700000 ---p 00000000 00:00 0 
6b700000-6b74c000 rw-p 00000000 00:00 0 
6b74c000-6b800000 ---p 00000000 00:00 0 
6b800000-6b8f1000 rw-p 00000000 00:00 0 
6b8f1000-6b900000 ---p 00000000 00:00 0 
6b904000-6b9ad000 rw-p 00000000 00:00 0 
6b9ad000-6b9ae000 ---p 00000000 00:00 0 
6b9ae000-6ba2e000 rw-p 00000000 00:00 0          [stack:12463]
6ba2e000-6ba31000 ---p 00000000 00:00 0 
6ba31000-6ba7f000 rw-p 00000000 00:00 0          [stack:12462]
6ba7f000-6ba82000 ---p 00000000 00:00 0 
6ba82000-6bb00000 rw-p 00000000 00:00 0          [stack:12461]
6bb00000-6bd00000 r--p 00000000 08:06 3940464    /usr/lib/locale/locale-archive
6bd00000-6bd21000 rw-p 00000000 00:00 0 
6bd21000-6be00000 ---p 00000000 00:00 0 
6be2e000-6be31000 ---p 00000000 00:00 0 
6be31000-6beaf000 rw-p 00000000 00:00 0          [stack:12460]
6beaf000-6beb2000 ---p 00000000 00:00 0 
6beb2000-6bf00000 rw-p 00000000 00:00 0          [stack:12459]
6bf00000-6bffd000 rw-p 00000000 00:00 0 
6bffd000-6c000000 ---p 00000000 00:00 0 
6c000000-6c100000 rw-p 00000000 00:00 0 
6c12e000-6c131000 ---p 00000000 00:00 0 
6c131000-6c17f000 rw-p 00000000 00:00 0          [stack:12458]
6c17f000-6c180000 ---p 00000000 00:00 0 
6c180000-6c200000 rw-p 00000000 00:00 0          [stack:12456]
6c200000-6c3c0000 r--s 039fb000 08:06 4327608    /usr/lib/jvm/java-7-oracle/jre/lib/rt.jar
6c3c0000-6ea00000 rw-p 00000000 00:00 0 
6ea00000-6eafc000 rw-p 00000000 00:00 0 
6eafc000-6eb00000 ---p 00000000 00:00 0 
6eb2e000-6eb31000 ---p 00000000 00:00 0 
6eb31000-6eb7f000 rw-p 00000000 00:00 0          [stack:12457]
6eb7f000-6eb80000 ---p 00000000 00:00 0 
6eb80000-6ec00000 rw-p 00000000 00:00 0          [stack:12455]
6ec00000-6ec21000 rw-p 00000000 00:00 0 
6ec21000-6ed00000 ---p 00000000 00:00 0 
6ed34000-6ed7f000 rw-p 00000000 00:00 0 
6ed7f000-6ed80000 ---p 00000000 00:00 0 
6ed80000-6ee00000 rw-p 00000000 00:00 0          [stack:12454]
6ee00000-6ee21000 rw-p 00000000 00:00 0 
6ee21000-6ef00000 ---p 00000000 00:00 0 
6ef24000-6ef7f000 rw-p 00000000 00:00 0 
6ef7f000-6ef80000 ---p 00000000 00:00 0 
6ef80000-6f000000 rw-p 00000000 00:00 0          [stack:12453]
6f000000-6f021000 rw-p 00000000 00:00 0 
6f021000-6f100000 ---p 00000000 00:00 0 
6f119000-6f148000 r--s 00257000 08:06 9579779    /home/rkmalik/work/allworkspaces/semester3/dm/finalproject/shellScript/mallet-2.0.7/lib/mallet-deps.jar
6f148000-6f149000 ---p 00000000 00:00 0 
6f149000-6f1df000 rw-p 00000000 00:00 0          [stack:12452]
6f1df000-6f31f000 rw-p 00000000 00:00 0 
6f31f000-6f327000 rw-p 00000000 00:00 0 
6f327000-6f33f000 rw-p 00000000 00:00 0 
6f33f000-6f355000 rw-p 00000000 00:00 0 
6f355000-6f494000 rw-p 00000000 00:00 0 
6f494000-6f51f000 rw-p 00000000 00:00 0 
6f51f000-6f53f000 rw-p 00000000 00:00 0 
6f53f000-70540000 rw-p 00000000 00:00 0 
70540000-73540000 rw-p 00000000 00:00 0 
73540000-75fc0000 rw-p 00000000 00:00 0 
75fc0000-9dfc0000 rw-p 00000000 00:00 0 
9dfc0000-af440000 rw-p 00000000 00:00 0 
af440000-b3540000 rw-p 00000000 00:00 0 
b3540000-b3549000 rw-p 00000000 00:00 0 
b3549000-b3600000 rw-p 00000000 00:00 0 
b3600000-b3840000 rwxp 00000000 00:00 0 
b3840000-b66f6000 rw-p 00000000 00:00 0 
b66f6000-b6700000 ---p 00000000 00:00 0 
b672a000-b674c000 rw-p 00000000 00:00 0 
b674c000-b6764000 rw-p 00000000 00:00 0 
b6764000-b677b000 r-xp 00000000 08:06 4465196    /usr/lib/jvm/java-7-oracle/jre/lib/i386/libzip.so
b677b000-b677c000 rw-p 00016000 08:06 4465196    /usr/lib/jvm/java-7-oracle/jre/lib/i386/libzip.so
b677c000-b6787000 r-xp 00000000 08:06 4064426    /lib/i386-linux-gnu/libnss_files-2.19.so
b6787000-b6788000 r--p 0000a000 08:06 4064426    /lib/i386-linux-gnu/libnss_files-2.19.so
b6788000-b6789000 rw-p 0000b000 08:06 4064426    /lib/i386-linux-gnu/libnss_files-2.19.so
b6789000-b6793000 r-xp 00000000 08:06 4064436    /lib/i386-linux-gnu/libnss_nis-2.19.so
b6793000-b6794000 r--p 00009000 08:06 4064436    /lib/i386-linux-gnu/libnss_nis-2.19.so
b6794000-b6795000 rw-p 0000a000 08:06 4064436    /lib/i386-linux-gnu/libnss_nis-2.19.so
b6795000-b67aa000 r-xp 00000000 08:06 4064420    /lib/i386-linux-gnu/libnsl-2.19.so
b67aa000-b67ab000 r--p 00015000 08:06 4064420    /lib/i386-linux-gnu/libnsl-2.19.so
b67ab000-b67ac000 rw-p 00016000 08:06 4064420    /lib/i386-linux-gnu/libnsl-2.19.so
b67ac000-b67ae000 rw-p 00000000 00:00 0 
b67ba000-b67bb000 rw-p 00000000 00:00 0 
b67bb000-b67bf000 r--s 0008b000 08:06 4327587    /usr/lib/jvm/java-7-oracle/jre/lib/jsse.jar
b67bf000-b67c7000 rw-s 00000000 08:06 3541182    /tmp/hsperfdata_rkmalik/12450
b67c7000-b67ea000 r-xp 00000000 08:06 4465184    /usr/lib/jvm/java-7-oracle/jre/lib/i386/libjava.so
b67ea000-b67eb000 rw-p 00023000 08:06 4465184    /usr/lib/jvm/java-7-oracle/jre/lib/i386/libjava.so
b67eb000-b67f2000 r-xp 00000000 08:06 4064479    /lib/i386-linux-gnu/librt-2.19.so
b67f2000-b67f3000 r--p 00006000 08:06 4064479    /lib/i386-linux-gnu/librt-2.19.so
b67f3000-b67f4000 rw-p 00007000 08:06 4064479    /lib/i386-linux-gnu/librt-2.19.so
b67f4000-b67f7000 ---p 00000000 00:00 0 
b67f7000-b6845000 rw-p 00000000 00:00 0          [stack:12451]
b6845000-b6889000 r-xp 00000000 08:06 4064401    /lib/i386-linux-gnu/libm-2.19.so
b6889000-b688a000 r--p 00043000 08:06 4064401    /lib/i386-linux-gnu/libm-2.19.so
b688a000-b688b000 rw-p 00044000 08:06 4064401    /lib/i386-linux-gnu/libm-2.19.so
b688b000-b7112000 r-xp 00000000 08:06 4465218    /usr/lib/jvm/java-7-oracle/jre/lib/i386/server/libjvm.so
b7112000-b7176000 rw-p 00886000 08:06 4465218    /usr/lib/jvm/java-7-oracle/jre/lib/i386/server/libjvm.so
b7176000-b759a000 rw-p 00000000 00:00 0 
b759a000-b7742000 r-xp 00000000 08:06 4064351    /lib/i386-linux-gnu/libc-2.19.so
b7742000-b7744000 r--p 001a8000 08:06 4064351    /lib/i386-linux-gnu/libc-2.19.so
b7744000-b7745000 rw-p 001aa000 08:06 4064351    /lib/i386-linux-gnu/libc-2.19.so
b7745000-b7748000 rw-p 00000000 00:00 0 
b7748000-b774b000 r-xp 00000000 08:06 4064368    /lib/i386-linux-gnu/libdl-2.19.so
b774b000-b774c000 r--p 00002000 08:06 4064368    /lib/i386-linux-gnu/libdl-2.19.so
b774c000-b774d000 rw-p 00003000 08:06 4064368    /lib/i386-linux-gnu/libdl-2.19.so
b774d000-b774e000 rw-p 00000000 00:00 0 
b774e000-b7762000 r-xp 00000000 08:06 4465205    /usr/lib/jvm/java-7-oracle/jre/lib/i386/jli/libjli.so
b7762000-b7763000 rw-p 00013000 08:06 4465205    /usr/lib/jvm/java-7-oracle/jre/lib/i386/jli/libjli.so
b7763000-b777b000 r-xp 00000000 08:06 4064471    /lib/i386-linux-gnu/libpthread-2.19.so
b777b000-b777c000 r--p 00018000 08:06 4064471    /lib/i386-linux-gnu/libpthread-2.19.so
b777c000-b777d000 rw-p 00019000 08:06 4064471    /lib/i386-linux-gnu/libpthread-2.19.so
b777d000-b7780000 rw-p 00000000 00:00 0 
b7780000-b7781000 r--p 00855000 08:06 3940464    /usr/lib/locale/locale-archive
b7781000-b7788000 r-xp 00000000 08:06 4064422    /lib/i386-linux-gnu/libnss_compat-2.19.so
b7788000-b7789000 r--p 00006000 08:06 4064422    /lib/i386-linux-gnu/libnss_compat-2.19.so
b7789000-b778a000 rw-p 00007000 08:06 4064422    /lib/i386-linux-gnu/libnss_compat-2.19.so
b778a000-b778b000 rw-p 00000000 00:00 0 
b778b000-b778c000 ---p 00000000 00:00 0 
b778c000-b7797000 r-xp 00000000 08:06 4465167    /usr/lib/jvm/java-7-oracle/jre/lib/i386/libverify.so
b7797000-b7798000 rw-p 0000b000 08:06 4465167    /usr/lib/jvm/java-7-oracle/jre/lib/i386/libverify.so
b7798000-b779a000 rw-p 00000000 00:00 0 
b779a000-b779c000 r--p 00000000 00:00 0          [vvar]
b779c000-b779e000 r-xp 00000000 00:00 0          [vdso]
b779e000-b77be000 r-xp 00000000 08:06 4064327    /lib/i386-linux-gnu/ld-2.19.so
b77be000-b77bf000 r--p 0001f000 08:06 4064327    /lib/i386-linux-gnu/ld-2.19.so
b77bf000-b77c0000 rw-p 00020000 08:06 4064327    /lib/i386-linux-gnu/ld-2.19.so
bfb53000-bfb54000 rwxp 00000000 00:00 0 
bfb85000-bfba7000 rw-p 00000000 00:00 0          [stack]

VM Arguments:
jvm_args: -Xmx1g -ea -Djava.awt.headless=true -Dfile.encoding=UTF-8 
java_command: cc.mallet.classify.tui.Text2Vectors --input /home/rkmalik/work/allworkspaces/semester3/dm/finalproject/data/scriptdatabase/train_output/Drama --output /home/rkmalik/work/allworkspaces/semester3/dm/finalproject/mallet/otherApproach/Drama.mallet --keep-sequence --remove-stopwords
Launcher Type: SUN_STANDARD

Environment Variables:
JAVA_HOME=/usr/lib/jvm/java-8-oracle-64
PATH=/usr/local/sbin:/usr/local/bin:/usr/sbin:/usr/bin:/sbin:/bin:/usr/games:/usr/local/games:/usr/lib/jvm/java-8-oracle-64/bin:/usr/lib/jvm/java-8-oracle-64/db/bin:/usr/lib/jvm/java-8-oracle-64/jre/bin
SHELL=/bin/bash
DISPLAY=:0

Signal Handlers:
SIGSEGV: [libjvm.so+0x7eb160], sa_mask[0]=0x7ffbfeff, sa_flags=0x10000004
SIGBUS: [libjvm.so+0x7eb160], sa_mask[0]=0x7ffbfeff, sa_flags=0x10000004
SIGFPE: [libjvm.so+0x684ac0], sa_mask[0]=0x7ffbfeff, sa_flags=0x10000004
SIGPIPE: [libjvm.so+0x684ac0], sa_mask[0]=0x7ffbfeff, sa_flags=0x10000004
SIGXFSZ: [libjvm.so+0x684ac0], sa_mask[0]=0x7ffbfeff, sa_flags=0x10000004
SIGILL: [libjvm.so+0x684ac0], sa_mask[0]=0x7ffbfeff, sa_flags=0x10000004
SIGUSR1: SIG_DFL, sa_mask[0]=0x00000000, sa_flags=0x00000000
SIGUSR2: [libjvm.so+0x686330], sa_mask[0]=0x00000000, sa_flags=0x10000004
SIGHUP: [libjvm.so+0x687660], sa_mask[0]=0x7ffbfeff, sa_flags=0x10000004
SIGINT: [libjvm.so+0x687660], sa_mask[0]=0x7ffbfeff, sa_flags=0x10000004
SIGTERM: [libjvm.so+0x687660], sa_mask[0]=0x7ffbfeff, sa_flags=0x10000004
SIGQUIT: [libjvm.so+0x687660], sa_mask[0]=0x7ffbfeff, sa_flags=0x10000004


---------------  S Y S T E M  ---------------

OS:Red Hat Linux release 6

uname:Linux 3.19.0-33-generic #38~14.04.1-Ubuntu SMP Fri Nov 6 18:17:49 UTC 2015 i686
libc:glibc 2.19 NPTL 2.19 
rlimit: STACK 8192k, CORE 0k, NPROC 63769, NOFILE 4096, AS infinity
load average:2.94 2.16 1.54

/proc/meminfo:
MemTotal:        8182356 kB
MemFree:          542564 kB
MemAvailable:    3470380 kB
Buffers:          195576 kB
Cached:          3528164 kB
SwapCached:          640 kB
Active:          5144264 kB
Inactive:        2238028 kB
Active(anon):    3457480 kB
Inactive(anon):   792588 kB
Active(file):    1686784 kB
Inactive(file):  1445440 kB
Unevictable:          48 kB
Mlocked:              48 kB
HighTotal:       7369480 kB
HighFree:         262236 kB
LowTotal:         812876 kB
LowFree:          280328 kB
SwapTotal:       2652156 kB
SwapFree:        2608904 kB
Dirty:               180 kB
Writeback:             0 kB
AnonPages:       3659940 kB
Mapped:           570864 kB
Shmem:            591584 kB
Slab:             191472 kB
SReclaimable:     161484 kB
SUnreclaim:        29988 kB
KernelStack:        6072 kB
PageTables:        27996 kB
NFS_Unstable:          0 kB
Bounce:                0 kB
WritebackTmp:          0 kB
CommitLimit:     6743332 kB
Committed_AS:   12527632 kB
VmallocTotal:     122880 kB
VmallocUsed:       20252 kB
VmallocChunk:      95372 kB
AnonHugePages:   1949696 kB
CmaTotal:              0 kB
CmaFree:               0 kB
HugePages_Total:       0
HugePages_Free:        0
HugePages_Rsvd:        0
HugePages_Surp:        0
Hugepagesize:       2048 kB
DirectMap4k:       55288 kB
DirectMap2M:      858112 kB


CPU:total 4 (2 cores per cpu, 2 threads per core) family 6 model 69 stepping 1, cmov, cx8, fxsr, mmx, sse, sse2, sse3, ssse3, sse4.1, sse4.2, popcnt, avx, avx2, aes, erms, ht, tsc, tscinvbit

/proc/cpuinfo:
processor	: 0
vendor_id	: GenuineIntel
cpu family	: 6
model		: 69
model name	: Intel(R) Core(TM) i5-4210U CPU @ 1.70GHz
stepping	: 1
microcode	: 0x17
cpu MHz		: 2420.531
cache size	: 3072 KB
physical id	: 0
siblings	: 4
core id		: 0
cpu cores	: 2
apicid		: 0
initial apicid	: 0
fdiv_bug	: no
f00f_bug	: no
coma_bug	: no
fpu		: yes
fpu_exception	: yes
cpuid level	: 13
wp		: yes
flags		: fpu vme de pse tsc msr pae mce cx8 apic sep mtrr pge mca cmov pat pse36 clflush dts acpi mmx fxsr sse sse2 ss ht tm pbe nx pdpe1gb rdtscp lm constant_tsc arch_perfmon pebs bts xtopology nonstop_tsc aperfmperf eagerfpu pni pclmulqdq dtes64 monitor ds_cpl vmx est tm2 ssse3 fma cx16 xtpr pdcm pcid sse4_1 sse4_2 movbe popcnt tsc_deadline_timer aes xsave avx f16c rdrand lahf_lm abm ida arat epb pln pts dtherm tpr_shadow vnmi flexpriority ept vpid fsgsbase tsc_adjust bmi1 avx2 smep bmi2 erms invpcid xsaveopt
bugs		:
bogomips	: 4789.02
clflush size	: 64
cache_alignment	: 64
address sizes	: 39 bits physical, 48 bits virtual
power management:

processor	: 1
vendor_id	: GenuineIntel
cpu family	: 6
model		: 69
model name	: Intel(R) Core(TM) i5-4210U CPU @ 1.70GHz
stepping	: 1
microcode	: 0x17
cpu MHz		: 2399.906
cache size	: 3072 KB
physical id	: 0
siblings	: 4
core id		: 0
cpu cores	: 2
apicid		: 1
initial apicid	: 1
fdiv_bug	: no
f00f_bug	: no
coma_bug	: no
fpu		: yes
fpu_exception	: yes
cpuid level	: 13
wp		: yes
flags		: fpu vme de pse tsc msr pae mce cx8 apic sep mtrr pge mca cmov pat pse36 clflush dts acpi mmx fxsr sse sse2 ss ht tm pbe nx pdpe1gb rdtscp lm constant_tsc arch_perfmon pebs bts xtopology nonstop_tsc aperfmperf eagerfpu pni pclmulqdq dtes64 monitor ds_cpl vmx est tm2 ssse3 fma cx16 xtpr pdcm pcid sse4_1 sse4_2 movbe popcnt tsc_deadline_timer aes xsave avx f16c rdrand lahf_lm abm ida arat epb pln pts dtherm tpr_shadow vnmi flexpriority ept vpid fsgsbase tsc_adjust bmi1 avx2 smep bmi2 erms invpcid xsaveopt
bugs		:
bogomips	: 4789.02
clflush size	: 64
cache_alignment	: 64
address sizes	: 39 bits physical, 48 bits virtual
power management:

processor	: 2
vendor_id	: GenuineIntel
cpu family	: 6
model		: 69
model name	: Intel(R) Core(TM) i5-4210U CPU @ 1.70GHz
stepping	: 1
microcode	: 0x17
cpu MHz		: 2428.218
cache size	: 3072 KB
physical id	: 0
siblings	: 4
core id		: 1
cpu cores	: 2
apicid		: 2
initial apicid	: 2
fdiv_bug	: no
f00f_bug	: no
coma_bug	: no
fpu		: yes
fpu_exception	: yes
cpuid level	: 13
wp		: yes
flags		: fpu vme de pse tsc msr pae mce cx8 apic sep mtrr pge mca cmov pat pse36 clflush dts acpi mmx fxsr sse sse2 ss ht tm pbe nx pdpe1gb rdtscp lm constant_tsc arch_perfmon pebs bts xtopology nonstop_tsc aperfmperf eagerfpu pni pclmulqdq dtes64 monitor ds_cpl vmx est tm2 ssse3 fma cx16 xtpr pdcm pcid sse4_1 sse4_2 movbe popcnt tsc_deadline_timer aes xsave avx f16c rdrand lahf_lm abm ida arat epb pln pts dtherm tpr_shadow vnmi flexpriority ept vpid fsgsbase tsc_adjust bmi1 avx2 smep bmi2 erms invpcid xsaveopt
bugs		:
bogomips	: 4789.02
clflush size	: 64
cache_alignment	: 64
address sizes	: 39 bits physical, 48 bits virtual
power management:

processor	: 3
vendor_id	: GenuineIntel
cpu family	: 6
model		: 69
model name	: Intel(R) Core(TM) i5-4210U CPU @ 1.70GHz
stepping	: 1
microcode	: 0x17
cpu MHz		: 2428.031
cache size	: 3072 KB
physical id	: 0
siblings	: 4
core id		: 1
cpu cores	: 2
apicid		: 3
initial apicid	: 3
fdiv_bug	: no
f00f_bug	: no
coma_bug	: no
fpu		: yes
fpu_exception	: yes
cpuid level	: 13
wp		: yes
flags		: fpu vme de pse tsc msr pae mce cx8 apic sep mtrr pge mca cmov pat pse36 clflush dts acpi mmx fxsr sse sse2 ss ht tm pbe nx pdpe1gb rdtscp lm constant_tsc arch_perfmon pebs bts xtopology nonstop_tsc aperfmperf eagerfpu pni pclmulqdq dtes64 monitor ds_cpl vmx est tm2 ssse3 fma cx16 xtpr pdcm pcid sse4_1 sse4_2 movbe popcnt tsc_deadline_timer aes xsave avx f16c rdrand lahf_lm abm ida arat epb pln pts dtherm tpr_shadow vnmi flexpriority ept vpid fsgsbase tsc_adjust bmi1 avx2 smep bmi2 erms invpcid xsaveopt
bugs		:
bogomips	: 4789.02
clflush size	: 64
cache_alignment	: 64
address sizes	: 39 bits physical, 48 bits virtual
power management:



Memory: 4k page, physical 8182356k(542564k free), swap 2652156k(2608904k free)

vm_info: Java HotSpot(TM) Server VM (24.80-b11) for linux-x86 JRE (1.7.0_80-b15), built on Apr 10 2015 12:29:10 by "java_re" with gcc 4.3.0 20080428 (Red Hat 4.3.0-8)

time: Sun Dec  6 12:31:56 2015
elapsed time: 2 seconds

